<?xml version="1.0" encoding="UTF-8"?>
<!-- Generated by org.testng.reporters.JUnitReportReporter -->
<testsuite skipped="0" hostname="DESKTOP-7ERSG99" name="testautomation.RegressionTests" tests="6" failures="0" timestamp="16 Jul 2019 05:59:18 GMT" time="17.225" errors="0">
  <testcase name="checkAddComputerPageLoaded" time="1.071" classname="testautomation.RegressionTests"/>
  <testcase name="checkAddComputerPageElements" time="1.173" classname="testautomation.RegressionTests"/>
  <testcase name="verifyAddComputerDetails" time="3.691" classname="testautomation.RegressionTests"/>
  <testcase name="filterComputerName" time="5.898" classname="testautomation.RegressionTests"/>
  <testcase name="updateRecord" time="3.681" classname="testautomation.RegressionTests"/>
  <testcase name="deleteComputer" time="1.711" classname="testautomation.RegressionTests"/>
</testsuite> <!-- testautomation.RegressionTests -->
